[kykyzla.xyz/index.html]
[backblue.gif]
[fade.gif]
[index.html]
[kykyzla.xyz/assets/css/main.css]
[kykyzla.xyz/fav.jpg]
[kykyzla.xyz/song.mp3]
[kykyzla.xyz/index.html]
[kykyzla.xyz/assets/css/font-awesome.min.css]
[kykyzla.xyz/assets/css/images/bg.jpg]
[kykyzla.xyz/assets/css/images/overlay-pattern.png]
[kykyzla.xyz/assets/css/images/overlay.svg]
[kykyzla.xyz/assets/css/main.css]
[kykyzla.xyz/song.html]
[kykyzla.xyz/assets/fonts/fontawesome-webfont5b62.eot]
[kykyzla.xyz/assets/fonts/fontawesome-webfontd41d.eot]
[kykyzla.xyz/assets/fonts/fontawesome-webfont5b62.woff2]
[kykyzla.xyz/assets/fonts/fontawesome-webfont5b62.woff]
[kykyzla.xyz/assets/fonts/fontawesome-webfont5b62.ttf]
[kykyzla.xyz/assets/fonts/fontawesome-webfont5b62.svg]
[kykyzla.xyz/assets/css/font-awesome.min.css]
[kykyzla.xyz/assets/css/images/overlay.svg]
[kykyzla.xyz/assets/fonts/fontawesome-webfont5b62.svg]
